<?xml version="1.0" encoding="UTF-8"?>
<testng-results ignored="0" total="3" passed="3" failed="0" skipped="0">
  <reporter-output>
    <line>
      <![CDATA[Connect with the server]]>
    </line>
    <line>
      <![CDATA[Connect with the DataBase]]>
    </line>
    <line>
      <![CDATA[Login Successfully]]>
    </line>
    <line>
      <![CDATA[Logout Successfully]]>
    </line>
    <line>
      <![CDATA[Login Successfully]]>
    </line>
    <line>
      <![CDATA[Connect with the browser]]>
    </line>
    <line>
      <![CDATA[Logout Successfully]]>
    </line>
    <line>
      <![CDATA[Login Successfully]]>
    </line>
    <line>
      <![CDATA[Connect with the browser]]>
    </line>
    <line>
      <![CDATA[Logout Successfully]]>
    </line>
    <line>
      <![CDATA[disconnect with the browser]]>
    </line>
    <line>
      <![CDATA[disconnect with the database]]>
    </line>
    <line>
      <![CDATA[disconnect with the server]]>
    </line>
  </reporter-output>
  <suite started-at="2024-09-10T08:36:53Z" name="Default suite" finished-at="2024-09-10T08:37:05Z" duration-ms="12670">
    <groups>
    </groups>
    <test started-at="2024-09-10T08:36:53Z" name="Default test" finished-at="2024-09-10T08:37:05Z" duration-ms="12670">
      <class name="leraningtestng.demoWebShopAssignment2">
        <test-method is-config="true" signature="beforeSuite()[pri:0, instance:leraningtestng.demoWebShopAssignment2@56673b2c]" started-at="2024-09-10T08:36:52Z" name="beforeSuite" finished-at="2024-09-10T08:36:53Z" duration-ms="29" status="PASS">
          <reporter-output>
            <line>
              <![CDATA[Connect with the server]]>
            </line>
          </reporter-output>
        </test-method> <!-- beforeSuite -->
        <test-method is-config="true" signature="beforeTest()[pri:0, instance:leraningtestng.demoWebShopAssignment2@56673b2c]" started-at="2024-09-10T08:36:53Z" name="beforeTest" finished-at="2024-09-10T08:36:53Z" duration-ms="1" status="PASS">
          <reporter-output>
            <line>
              <![CDATA[Connect with the DataBase]]>
            </line>
          </reporter-output>
        </test-method> <!-- beforeTest -->
        <test-method is-config="true" signature="beforeClass()[pri:0, instance:leraningtestng.demoWebShopAssignment2@56673b2c]" started-at="2024-09-10T08:36:53Z" name="beforeClass" finished-at="2024-09-10T08:37:02Z" duration-ms="9398" status="PASS">
          <reporter-output>
          </reporter-output>
        </test-method> <!-- beforeClass -->
        <test-method is-config="true" signature="beforemethod()[pri:0, instance:leraningtestng.demoWebShopAssignment2@56673b2c]" started-at="2024-09-10T08:37:02Z" name="beforemethod" finished-at="2024-09-10T08:37:02Z" duration-ms="0" status="PASS">
          <reporter-output>
            <line>
              <![CDATA[Login Successfully]]>
            </line>
          </reporter-output>
        </test-method> <!-- beforemethod -->
        <test-method signature="Register()[pri:1, instance:leraningtestng.demoWebShopAssignment2@56673b2c]" started-at="2024-09-10T08:37:02Z" name="Register" finished-at="2024-09-10T08:37:03Z" duration-ms="1115" status="PASS">
          <reporter-output>
          </reporter-output>
        </test-method> <!-- Register -->
        <test-method signature="Login()[pri:2, instance:leraningtestng.demoWebShopAssignment2@56673b2c]" started-at="2024-09-10T08:37:03Z" name="Login" finished-at="2024-09-10T08:37:04Z" duration-ms="1115" status="PASS">
          <reporter-output>
            <line>
              <![CDATA[Connect with the browser]]>
            </line>
          </reporter-output>
        </test-method> <!-- Login -->
        <test-method is-config="true" signature="Aftermethod()[pri:0, instance:leraningtestng.demoWebShopAssignment2@56673b2c]" started-at="2024-09-10T08:37:03Z" name="Aftermethod" finished-at="2024-09-10T08:37:03Z" duration-ms="0" status="PASS">
          <reporter-output>
            <line>
              <![CDATA[Logout Successfully]]>
            </line>
          </reporter-output>
        </test-method> <!-- Aftermethod -->
        <test-method is-config="true" signature="beforemethod()[pri:0, instance:leraningtestng.demoWebShopAssignment2@56673b2c]" started-at="2024-09-10T08:37:03Z" name="beforemethod" finished-at="2024-09-10T08:37:03Z" duration-ms="0" status="PASS">
          <reporter-output>
            <line>
              <![CDATA[Login Successfully]]>
            </line>
          </reporter-output>
        </test-method> <!-- beforemethod -->
        <test-method signature="addtocart()[pri:3, instance:leraningtestng.demoWebShopAssignment2@56673b2c]" started-at="2024-09-10T08:37:04Z" name="addtocart" finished-at="2024-09-10T08:37:05Z" duration-ms="1008" status="PASS">
          <reporter-output>
            <line>
              <![CDATA[Connect with the browser]]>
            </line>
          </reporter-output>
        </test-method> <!-- addtocart -->
        <test-method is-config="true" signature="beforemethod()[pri:0, instance:leraningtestng.demoWebShopAssignment2@56673b2c]" started-at="2024-09-10T08:37:04Z" name="beforemethod" finished-at="2024-09-10T08:37:04Z" duration-ms="0" status="PASS">
          <reporter-output>
            <line>
              <![CDATA[Login Successfully]]>
            </line>
          </reporter-output>
        </test-method> <!-- beforemethod -->
        <test-method is-config="true" signature="Aftermethod()[pri:0, instance:leraningtestng.demoWebShopAssignment2@56673b2c]" started-at="2024-09-10T08:37:04Z" name="Aftermethod" finished-at="2024-09-10T08:37:04Z" duration-ms="0" status="PASS">
          <reporter-output>
            <line>
              <![CDATA[Logout Successfully]]>
            </line>
          </reporter-output>
        </test-method> <!-- Aftermethod -->
        <test-method is-config="true" signature="Aftermethod()[pri:0, instance:leraningtestng.demoWebShopAssignment2@56673b2c]" started-at="2024-09-10T08:37:05Z" name="Aftermethod" finished-at="2024-09-10T08:37:05Z" duration-ms="0" status="PASS">
          <reporter-output>
            <line>
              <![CDATA[Logout Successfully]]>
            </line>
          </reporter-output>
        </test-method> <!-- Aftermethod -->
        <test-method is-config="true" signature="Afterclass()[pri:0, instance:leraningtestng.demoWebShopAssignment2@56673b2c]" started-at="2024-09-10T08:37:05Z" name="Afterclass" finished-at="2024-09-10T08:37:05Z" duration-ms="0" status="PASS">
          <reporter-output>
            <line>
              <![CDATA[disconnect with the browser]]>
            </line>
          </reporter-output>
        </test-method> <!-- Afterclass -->
        <test-method is-config="true" signature="Aftertest()[pri:0, instance:leraningtestng.demoWebShopAssignment2@56673b2c]" started-at="2024-09-10T08:37:05Z" name="Aftertest" finished-at="2024-09-10T08:37:05Z" duration-ms="0" status="PASS">
          <reporter-output>
            <line>
              <![CDATA[disconnect with the database]]>
            </line>
          </reporter-output>
        </test-method> <!-- Aftertest -->
        <test-method is-config="true" signature="Aftersuite()[pri:0, instance:leraningtestng.demoWebShopAssignment2@56673b2c]" started-at="2024-09-10T08:37:05Z" name="Aftersuite" finished-at="2024-09-10T08:37:05Z" duration-ms="0" status="PASS">
          <reporter-output>
            <line>
              <![CDATA[disconnect with the server]]>
            </line>
          </reporter-output>
        </test-method> <!-- Aftersuite -->
      </class> <!-- leraningtestng.demoWebShopAssignment2 -->
    </test> <!-- Default test -->
  </suite> <!-- Default suite -->
</testng-results>
