<?xml version="1.0" encoding="UTF-8"?>
<!-- Generated by org.testng.reporters.JUnitXMLReporter -->
<testsuite ignored="0" hostname="DESKTOP-1Q5MRB2" failures="0" tests="3" name="Default test" time="12.67" errors="0" timestamp="10 Sep 2024 08:37:05 GMT">
  <testcase classname="leraningtestng.demoWebShopAssignment2" name="Register" time="1.115"/>
  <testcase classname="leraningtestng.demoWebShopAssignment2" name="Login" time="1.115"/>
  <testcase classname="leraningtestng.demoWebShopAssignment2" name="addtocart" time="1.008"/>
</testsuite> <!-- Default test -->
